[2025-10-18T20:38:33.217767-04:00] DonorDocs.ERROR: Database connection failed: could not find driver {"message":"could not find driver"} []
[2025-10-18T20:38:33.244773-04:00] DonorDocs.INFO: Dashboard requested {"path":"http://localhost:8080/"} []
[2025-10-18T20:51:06.527388-04:00] DonorDocs.ERROR: Database connection failed: could not find driver {"message":"could not find driver"} []
[2025-10-18T20:51:06.529351-04:00] DonorDocs.INFO: Marketing home requested {"path":"http://localhost:8080/"} []
[2025-10-18T20:51:44.078203-04:00] DonorDocs.ERROR: Database connection failed: could not find driver {"message":"could not find driver"} []
[2025-10-18T20:51:44.081196-04:00] DonorDocs.INFO: Marketing pricing requested {"path":"http://localhost:8080/pricing"} []
[2025-10-18T20:51:55.644082-04:00] DonorDocs.ERROR: Database connection failed: could not find driver {"message":"could not find driver"} []
[2025-10-18T20:51:55.645081-04:00] DonorDocs.INFO: Dashboard requested {"path":"http://localhost:8080/dashboard"} []
[2025-10-18T20:52:00.242787-04:00] DonorDocs.ERROR: Database connection failed: could not find driver {"message":"could not find driver"} []
[2025-10-18T20:52:00.243807-04:00] DonorDocs.INFO: Dashboard requested {"path":"http://localhost:8080/dashboard"} []
[2025-10-18T20:52:07.454496-04:00] DonorDocs.ERROR: Database connection failed: could not find driver {"message":"could not find driver"} []
[2025-10-18T20:52:07.455310-04:00] DonorDocs.INFO: Marketing home requested {"path":"http://localhost:8080/"} []
[2025-10-18T20:52:13.487825-04:00] DonorDocs.ERROR: Database connection failed: could not find driver {"message":"could not find driver"} []
[2025-10-18T20:52:13.488814-04:00] DonorDocs.INFO: Dashboard requested {"path":"http://localhost:8080/dashboard"} []
[2025-10-18T20:52:17.087108-04:00] DonorDocs.ERROR: Database connection failed: could not find driver {"message":"could not find driver"} []
[2025-10-18T20:52:17.088075-04:00] DonorDocs.INFO: Dashboard requested {"path":"http://localhost:8080/dashboard"} []
[2025-10-18T20:54:21.178037-04:00] DonorDocs.ERROR: Database connection failed: could not find driver {"message":"could not find driver"} []
[2025-10-18T20:54:21.180127-04:00] DonorDocs.INFO: Dashboard requested {"path":"http://localhost:8080/dashboard"} []
[2025-10-18T21:51:34.687919-04:00] DonorDocs.ERROR: Database connection failed: could not find driver {"message":"could not find driver"} []
[2025-10-18T21:51:38.269820-04:00] DonorDocs.ERROR: Database connection failed: could not find driver {"message":"could not find driver"} []
[2025-10-18T21:51:40.904365-04:00] DonorDocs.ERROR: Database connection failed: could not find driver {"message":"could not find driver"} []
[2025-10-18T21:52:26.733447-04:00] DonorDocs.ERROR: Database connection failed: could not find driver {"message":"could not find driver"} []
[2025-10-18T21:53:44.614786-04:00] DonorDocs.ERROR: Database connection failed: could not find driver {"message":"could not find driver"} []
[2025-10-18T21:53:44.617490-04:00] DonorDocs.INFO: Marketing home requested {"path":"http://localhost:8080/"} []
[2025-10-18T21:53:49.872788-04:00] DonorDocs.ERROR: Database connection failed: could not find driver {"message":"could not find driver"} []
[2025-10-18T21:53:49.874460-04:00] DonorDocs.INFO: Dashboard requested {"path":"http://localhost:8080/dashboard"} []
[2025-10-18T21:53:51.419908-04:00] DonorDocs.ERROR: Database connection failed: could not find driver {"message":"could not find driver"} []
[2025-10-18T21:53:51.420588-04:00] DonorDocs.INFO: Dashboard requested {"path":"http://localhost:8080/dashboard"} []
[2025-10-18T21:53:52.871305-04:00] DonorDocs.ERROR: Database connection failed: could not find driver {"message":"could not find driver"} []
[2025-10-18T21:53:52.872725-04:00] DonorDocs.INFO: Dashboard requested {"path":"http://localhost:8080/dashboard"} []
[2025-10-18T21:54:51.448211-04:00] DonorDocs.ERROR: Database connection failed: could not find driver {"message":"could not find driver"} []
[2025-10-18T21:54:51.449087-04:00] DonorDocs.INFO: Marketing home requested {"path":"http://localhost:8080/"} []
[2025-10-18T21:54:54.064132-04:00] DonorDocs.ERROR: Database connection failed: could not find driver {"message":"could not find driver"} []
[2025-10-18T21:54:54.065073-04:00] DonorDocs.INFO: Marketing home requested {"path":"http://localhost:8080/"} []
[2025-10-18T21:54:58.920623-04:00] DonorDocs.ERROR: Database connection failed: could not find driver {"message":"could not find driver"} []
[2025-10-18T21:54:58.923589-04:00] DonorDocs.INFO: Marketing pricing requested {"path":"http://localhost:8080/pricing"} []
[2025-10-18T21:55:00.851924-04:00] DonorDocs.ERROR: Database connection failed: could not find driver {"message":"could not find driver"} []
[2025-10-18T21:55:00.852462-04:00] DonorDocs.INFO: Marketing home requested {"path":"http://localhost:8080/"} []
[2025-10-18T21:55:18.555683-04:00] DonorDocs.ERROR: Database connection failed: could not find driver {"message":"could not find driver"} []
[2025-10-18T21:55:18.556953-04:00] DonorDocs.INFO: Dashboard requested {"path":"http://localhost:8080/dashboard"} []
